<?xml version="1.0" encoding="UTF-8"?>
<!-- Generated by org.testng.reporters.JUnitReportReporter -->
<testsuite hostname="QAAUTOSRV8" failures="0" tests="1" name="com.web.windowHandleCheck.Test1" time="13.401" errors="0" timestamp="14 May 2019 10:54:42 GMT" skipped="0">
  <testcase classname="com.web.windowHandleCheck.Test1" name="test1" time="13.401"/>
</testsuite> <!-- com.web.windowHandleCheck.Test1 -->
